2022-02-18 11:26:49 DEBUG [main] [filehandler.JsonHandler.getListFromFile(JsonHandler.java:33)] - [GET Food SUCCESSFULLY]
2022-02-18 11:26:49 DEBUG [main] [filehandler.JsonHandler.getListFromFile(JsonHandler.java:33)] - [GET Drink SUCCESSFULLY]
2022-02-18 11:26:49 DEBUG [main] [view.RestaurantView.run(RestaurantView.java:611)] - [START......................................]
2022-02-18 11:26:49 ERROR [main] [view.RestaurantView.run(RestaurantView.java:620)] - [SHOW MAIN OPTIONS]
2022-02-18 11:26:52 DEBUG [main] [view.RestaurantView.run(RestaurantView.java:643)] - [GO TO CREATE BILL]
2022-02-18 11:26:52 DEBUG [main] [filehandler.JsonHandler.getListFromFile(JsonHandler.java:33)] - [GET Bill SUCCESSFULLY]
2022-02-18 11:26:52 DEBUG [main] [controller.BillController.createBill(BillController.java:81)] - [CREATE EMPTY BILL ID=12]
2022-02-18 11:26:52 DEBUG [main] [view.RestaurantView.selectBillItem(RestaurantView.java:42)] - [SELECT ITEM]
2022-02-18 11:28:02 DEBUG [main] [view.RestaurantView.selectBillItem(RestaurantView.java:54)] - [INPUT ID TO SELECT]
2022-02-18 11:28:08 DEBUG [main] [filehandler.JsonHandler.getListFromFile(JsonHandler.java:33)] - [GET Bill SUCCESSFULLY]
2022-02-18 11:28:08 DEBUG [main] [filehandler.JsonHandler.getListFromFile(JsonHandler.java:33)] - [GET Bill SUCCESSFULLY]
2022-02-18 11:28:08 DEBUG [main] [controller.BillController.addBillItem(BillController.java:35)] - [ADD ITEM ID=1QUANTITY=10 TO BILL]
2022-02-18 11:28:08 DEBUG [main] [view.RestaurantView.selectBillItem(RestaurantView.java:42)] - [SELECT ITEM]
2022-02-18 11:28:09 DEBUG [main] [view.RestaurantView.selectBillItem(RestaurantView.java:54)] - [INPUT ID TO SELECT]
2022-02-18 11:28:11 DEBUG [main] [filehandler.JsonHandler.getListFromFile(JsonHandler.java:33)] - [GET Bill SUCCESSFULLY]
2022-02-18 11:28:11 DEBUG [main] [filehandler.JsonHandler.getListFromFile(JsonHandler.java:33)] - [GET Bill SUCCESSFULLY]
2022-02-18 11:28:11 DEBUG [main] [controller.BillController.addBillItem(BillController.java:35)] - [ADD ITEM ID=1QUANTITY=10 TO BILL]
2022-02-18 11:28:11 DEBUG [main] [view.RestaurantView.selectBillItem(RestaurantView.java:42)] - [SELECT ITEM]
2022-02-18 11:28:13 DEBUG [main] [view.RestaurantView.selectBillItem(RestaurantView.java:63)] - [SELECTION DONE]
2022-02-18 11:28:13 DEBUG [main] [filehandler.JsonHandler.getListFromFile(JsonHandler.java:33)] - [GET Bill SUCCESSFULLY]
2022-02-18 11:28:13 DEBUG [main] [service.BillServiceImp.saveBill(BillServiceImp.java:35)] - {[]}
2022-02-18 11:28:13 DEBUG [main] [filehandler.JsonHandler.saveToFile(JsonHandler.java:80)] - [SAVE Bill SUCCESSFULLY]
2022-02-18 11:28:13 DEBUG [main] [controller.BillController.saveBill(BillController.java:54)] - [SAVE BILL ID=12]
2022-02-18 11:28:13 DEBUG [main] [view.RestaurantView.selectBillItem(RestaurantView.java:78)] - [CREATE BILL SUCCESSFULLY]
2022-02-18 11:28:13 DEBUG [main] [view.RestaurantView.showLatestBill(RestaurantView.java:558)] - [SHOW LATEST BILL]
2022-02-18 11:28:13 DEBUG [main] [filehandler.JsonHandler.getListFromFile(JsonHandler.java:33)] - [GET Bill SUCCESSFULLY]
2022-02-18 11:28:13 DEBUG [main] [filehandler.JsonHandler.getListFromFile(JsonHandler.java:33)] - [GET Bill SUCCESSFULLY]
2022-02-18 11:28:13 DEBUG [main] [view.RestaurantView.showBillDetailById(RestaurantView.java:544)] - [SHOW BILL ID=11]
2022-02-18 11:28:13 DEBUG [main] [view.RestaurantView.selectBillItem(RestaurantView.java:80)] - SHOW THE LATEST BILL
2022-02-18 11:28:13 DEBUG [main] [view.RestaurantView.run(RestaurantView.java:659)] - [GO TO MAIN OPTIONS]
2022-02-18 11:28:13 ERROR [main] [view.RestaurantView.run(RestaurantView.java:620)] - [SHOW MAIN OPTIONS]
2022-02-18 11:28:19 DEBUG [main] [view.RestaurantView.run(RestaurantView.java:633)] - [GO TO MENU MANAGER]
2022-02-18 11:28:19 DEBUG [main] [view.RestaurantView.showFoodMenu(RestaurantView.java:282)] - [SHOW FOOD MENU]
2022-02-18 11:28:19 DEBUG [main] [view.RestaurantView.showDrinkMenu(RestaurantView.java:272)] - [SHOW DRINK MENU]
2022-02-18 11:28:19 DEBUG [main] [view.RestaurantView.menuManager(RestaurantView.java:101)] - [SHOW LIST MENU]
2022-02-18 11:28:19 DEBUG [main] [view.RestaurantView.menuManager(RestaurantView.java:107)] - [SHOW OPTIONS MENU]
2022-02-18 11:28:41 DEBUG [main] [view.RestaurantView.run(RestaurantView.java:635)] - [EXIT MENU MANAGER]
2022-02-18 11:28:41 DEBUG [main] [view.RestaurantView.run(RestaurantView.java:659)] - [GO TO MAIN OPTIONS]
2022-02-18 11:28:41 ERROR [main] [view.RestaurantView.run(RestaurantView.java:620)] - [SHOW MAIN OPTIONS]
2022-02-18 11:28:42 DEBUG [main] [view.RestaurantView.run(RestaurantView.java:638)] - [GO TO BILL MANAGER]
2022-02-18 11:28:42 DEBUG [main] [view.RestaurantView.showBillList(RestaurantView.java:525)] - [SHOW BILL LIST]
2022-02-18 11:28:42 DEBUG [main] [filehandler.JsonHandler.getListFromFile(JsonHandler.java:33)] - [GET Bill SUCCESSFULLY]
2022-02-18 11:28:42 DEBUG [main] [view.RestaurantView.billManager(RestaurantView.java:472)] - [SHOW OPTIONS BILL]
2022-02-18 11:28:42 DEBUG [main] [filehandler.JsonHandler.getListFromFile(JsonHandler.java:33)] - [GET Bill SUCCESSFULLY]
2022-02-18 11:28:52 DEBUG [main] [view.RestaurantView.billManager(RestaurantView.java:487)] - [INPUT ID TO DETAILS BILL]
2022-02-18 11:28:53 DEBUG [main] [filehandler.JsonHandler.getListFromFile(JsonHandler.java:33)] - [GET Bill SUCCESSFULLY]
2022-02-18 11:28:53 DEBUG [main] [view.RestaurantView.showBillDetailById(RestaurantView.java:544)] - [SHOW BILL ID=10]
2022-02-18 11:28:53 DEBUG [main] [view.RestaurantView.showBillList(RestaurantView.java:525)] - [SHOW BILL LIST]
2022-02-18 11:28:53 DEBUG [main] [filehandler.JsonHandler.getListFromFile(JsonHandler.java:33)] - [GET Bill SUCCESSFULLY]
2022-02-18 11:28:53 DEBUG [main] [view.RestaurantView.billManager(RestaurantView.java:472)] - [SHOW OPTIONS BILL]
2022-02-18 11:28:53 DEBUG [main] [filehandler.JsonHandler.getListFromFile(JsonHandler.java:33)] - [GET Bill SUCCESSFULLY]
2022-02-18 11:30:57 DEBUG [main] [filehandler.JsonHandler.getListFromFile(JsonHandler.java:33)] - [GET Food SUCCESSFULLY]
2022-02-18 11:30:57 DEBUG [main] [filehandler.JsonHandler.getListFromFile(JsonHandler.java:33)] - [GET Drink SUCCESSFULLY]
2022-02-18 11:30:57 DEBUG [main] [view.RestaurantView.run(RestaurantView.java:611)] - [START......................................]
2022-02-18 11:30:57 ERROR [main] [view.RestaurantView.run(RestaurantView.java:620)] - [SHOW MAIN OPTIONS]
2022-02-18 11:31:00 DEBUG [main] [view.RestaurantView.run(RestaurantView.java:643)] - [GO TO CREATE BILL]
2022-02-18 11:31:00 DEBUG [main] [filehandler.JsonHandler.getListFromFile(JsonHandler.java:33)] - [GET Bill SUCCESSFULLY]
2022-02-18 11:31:00 DEBUG [main] [controller.BillController.createBill(BillController.java:81)] - [CREATE EMPTY BILL ID=12]
2022-02-18 11:31:00 DEBUG [main] [view.RestaurantView.selectBillItem(RestaurantView.java:42)] - [SELECT ITEM]
2022-02-18 11:31:01 DEBUG [main] [view.RestaurantView.selectBillItem(RestaurantView.java:54)] - [INPUT ID TO SELECT]
2022-02-18 11:31:23 DEBUG [main] [filehandler.JsonHandler.getListFromFile(JsonHandler.java:33)] - [GET Food SUCCESSFULLY]
2022-02-18 11:31:23 DEBUG [main] [filehandler.JsonHandler.getListFromFile(JsonHandler.java:33)] - [GET Drink SUCCESSFULLY]
2022-02-18 11:31:23 DEBUG [main] [view.RestaurantView.run(RestaurantView.java:611)] - [START......................................]
2022-02-18 11:31:23 ERROR [main] [view.RestaurantView.run(RestaurantView.java:620)] - [SHOW MAIN OPTIONS]
2022-02-18 11:31:25 DEBUG [main] [view.RestaurantView.run(RestaurantView.java:643)] - [GO TO CREATE BILL]
2022-02-18 11:31:25 DEBUG [main] [filehandler.JsonHandler.getListFromFile(JsonHandler.java:33)] - [GET Bill SUCCESSFULLY]
2022-02-18 11:31:25 DEBUG [main] [controller.BillController.createBill(BillController.java:81)] - [CREATE EMPTY BILL ID=12]
2022-02-18 11:31:25 DEBUG [main] [view.RestaurantView.selectBillItem(RestaurantView.java:42)] - [SELECT ITEM]
2022-02-18 11:31:26 DEBUG [main] [view.RestaurantView.selectBillItem(RestaurantView.java:54)] - [INPUT ID TO SELECT]
2022-02-18 11:31:33 DEBUG [main] [filehandler.JsonHandler.getListFromFile(JsonHandler.java:33)] - [GET Bill SUCCESSFULLY]
2022-02-18 11:31:33 DEBUG [main] [filehandler.JsonHandler.getListFromFile(JsonHandler.java:33)] - [GET Bill SUCCESSFULLY]
2022-02-18 11:31:33 DEBUG [main] [controller.BillController.addBillItem(BillController.java:35)] - [ADD ITEM ID=1QUANTITY=10 TO BILL]
2022-02-18 11:32:24 DEBUG [main] [view.RestaurantView.selectBillItem(RestaurantView.java:42)] - [SELECT ITEM]
2022-02-18 11:32:40 DEBUG [main] [view.RestaurantView.selectBillItem(RestaurantView.java:63)] - [SELECTION DONE]
2022-02-18 11:32:53 DEBUG [main] [filehandler.JsonHandler.getListFromFile(JsonHandler.java:33)] - [GET Bill SUCCESSFULLY]
2022-02-18 11:32:53 DEBUG [main] [service.BillServiceImp.saveBill(BillServiceImp.java:35)] - {[]}
2022-02-18 11:32:53 DEBUG [main] [filehandler.JsonHandler.saveToFile(JsonHandler.java:80)] - [SAVE Bill SUCCESSFULLY]
2022-02-18 11:32:53 DEBUG [main] [controller.BillController.saveBill(BillController.java:54)] - [SAVE BILL ID=12]
2022-02-18 11:32:53 DEBUG [main] [view.RestaurantView.selectBillItem(RestaurantView.java:78)] - [CREATE BILL SUCCESSFULLY]
2022-02-18 11:32:54 DEBUG [main] [view.RestaurantView.showLatestBill(RestaurantView.java:558)] - [SHOW LATEST BILL]
2022-02-18 11:32:54 DEBUG [main] [filehandler.JsonHandler.getListFromFile(JsonHandler.java:33)] - [GET Bill SUCCESSFULLY]
2022-02-18 11:32:54 DEBUG [main] [filehandler.JsonHandler.getListFromFile(JsonHandler.java:33)] - [GET Bill SUCCESSFULLY]
2022-02-18 11:32:54 DEBUG [main] [view.RestaurantView.showBillDetailById(RestaurantView.java:544)] - [SHOW BILL ID=11]
2022-02-18 11:32:55 DEBUG [main] [view.RestaurantView.selectBillItem(RestaurantView.java:80)] - SHOW THE LATEST BILL
2022-02-18 11:33:08 DEBUG [main] [view.RestaurantView.run(RestaurantView.java:659)] - [GO TO MAIN OPTIONS]
2022-02-18 11:33:08 ERROR [main] [view.RestaurantView.run(RestaurantView.java:620)] - [SHOW MAIN OPTIONS]
2022-02-18 11:33:12 DEBUG [main] [filehandler.JsonHandler.getListFromFile(JsonHandler.java:33)] - [GET Food SUCCESSFULLY]
2022-02-18 11:33:12 DEBUG [main] [filehandler.JsonHandler.getListFromFile(JsonHandler.java:33)] - [GET Drink SUCCESSFULLY]
2022-02-18 11:33:12 DEBUG [main] [view.RestaurantView.run(RestaurantView.java:611)] - [START......................................]
2022-02-18 11:33:12 ERROR [main] [view.RestaurantView.run(RestaurantView.java:620)] - [SHOW MAIN OPTIONS]
2022-02-18 11:33:15 DEBUG [main] [view.RestaurantView.run(RestaurantView.java:638)] - [GO TO BILL MANAGER]
2022-02-18 11:33:15 DEBUG [main] [view.RestaurantView.showBillList(RestaurantView.java:525)] - [SHOW BILL LIST]
2022-02-18 11:33:15 DEBUG [main] [filehandler.JsonHandler.getListFromFile(JsonHandler.java:33)] - [GET Bill SUCCESSFULLY]
2022-02-18 11:33:15 DEBUG [main] [view.RestaurantView.billManager(RestaurantView.java:472)] - [SHOW OPTIONS BILL]
2022-02-18 11:33:15 DEBUG [main] [filehandler.JsonHandler.getListFromFile(JsonHandler.java:33)] - [GET Bill SUCCESSFULLY]
2022-02-18 11:33:26 DEBUG [main] [view.RestaurantView.run(RestaurantView.java:640)] - [EXIT MENU MANAGER]
2022-02-18 11:33:26 DEBUG [main] [view.RestaurantView.run(RestaurantView.java:659)] - [GO TO MAIN OPTIONS]
2022-02-18 11:33:26 ERROR [main] [view.RestaurantView.run(RestaurantView.java:620)] - [SHOW MAIN OPTIONS]
2022-02-18 11:34:01 DEBUG [main] [view.RestaurantView.run(RestaurantView.java:638)] - [GO TO BILL MANAGER]
2022-02-18 11:34:01 DEBUG [main] [view.RestaurantView.showBillList(RestaurantView.java:525)] - [SHOW BILL LIST]
2022-02-18 11:34:01 DEBUG [main] [filehandler.JsonHandler.getListFromFile(JsonHandler.java:33)] - [GET Bill SUCCESSFULLY]
2022-02-18 11:34:01 DEBUG [main] [view.RestaurantView.billManager(RestaurantView.java:472)] - [SHOW OPTIONS BILL]
2022-02-18 11:34:01 DEBUG [main] [filehandler.JsonHandler.getListFromFile(JsonHandler.java:33)] - [GET Bill SUCCESSFULLY]
2022-02-18 11:34:04 DEBUG [main] [view.RestaurantView.run(RestaurantView.java:640)] - [EXIT MENU MANAGER]
2022-02-18 11:34:04 DEBUG [main] [view.RestaurantView.run(RestaurantView.java:659)] - [GO TO MAIN OPTIONS]
2022-02-18 11:34:04 ERROR [main] [view.RestaurantView.run(RestaurantView.java:620)] - [SHOW MAIN OPTIONS]
2022-02-18 11:34:04 DEBUG [main] [view.RestaurantView.run(RestaurantView.java:643)] - [GO TO CREATE BILL]
2022-02-18 11:34:04 DEBUG [main] [filehandler.JsonHandler.getListFromFile(JsonHandler.java:33)] - [GET Bill SUCCESSFULLY]
2022-02-18 11:34:04 DEBUG [main] [controller.BillController.createBill(BillController.java:81)] - [CREATE EMPTY BILL ID=12]
2022-02-18 11:34:04 DEBUG [main] [view.RestaurantView.selectBillItem(RestaurantView.java:42)] - [SELECT ITEM]
2022-02-18 11:34:06 DEBUG [main] [view.RestaurantView.selectBillItem(RestaurantView.java:54)] - [INPUT ID TO SELECT]
2022-02-18 11:34:10 DEBUG [main] [filehandler.JsonHandler.getListFromFile(JsonHandler.java:33)] - [GET Bill SUCCESSFULLY]
2022-02-18 11:34:10 DEBUG [main] [filehandler.JsonHandler.getListFromFile(JsonHandler.java:33)] - [GET Bill SUCCESSFULLY]
2022-02-18 11:34:10 DEBUG [main] [controller.BillController.addBillItem(BillController.java:35)] - [ADD ITEM ID=1QUANTITY=22 TO BILL]
2022-02-18 11:34:10 DEBUG [main] [view.RestaurantView.selectBillItem(RestaurantView.java:42)] - [SELECT ITEM]
2022-02-18 11:34:12 DEBUG [main] [view.RestaurantView.selectBillItem(RestaurantView.java:54)] - [INPUT ID TO SELECT]
2022-02-18 11:34:14 DEBUG [main] [filehandler.JsonHandler.getListFromFile(JsonHandler.java:33)] - [GET Bill SUCCESSFULLY]
2022-02-18 11:34:14 DEBUG [main] [filehandler.JsonHandler.getListFromFile(JsonHandler.java:33)] - [GET Bill SUCCESSFULLY]
2022-02-18 11:34:14 DEBUG [main] [controller.BillController.addBillItem(BillController.java:35)] - [ADD ITEM ID=1QUANTITY=22 TO BILL]
2022-02-18 11:34:14 DEBUG [main] [view.RestaurantView.selectBillItem(RestaurantView.java:42)] - [SELECT ITEM]
2022-02-18 11:34:15 DEBUG [main] [view.RestaurantView.selectBillItem(RestaurantView.java:63)] - [SELECTION DONE]
2022-02-18 11:34:15 DEBUG [main] [filehandler.JsonHandler.getListFromFile(JsonHandler.java:33)] - [GET Bill SUCCESSFULLY]
2022-02-18 11:34:15 DEBUG [main] [service.BillServiceImp.saveBill(BillServiceImp.java:35)] - {[]}
2022-02-18 11:34:15 DEBUG [main] [filehandler.JsonHandler.saveToFile(JsonHandler.java:80)] - [SAVE Bill SUCCESSFULLY]
2022-02-18 11:34:15 DEBUG [main] [controller.BillController.saveBill(BillController.java:54)] - [SAVE BILL ID=12]
2022-02-18 11:34:15 DEBUG [main] [view.RestaurantView.selectBillItem(RestaurantView.java:78)] - [CREATE BILL SUCCESSFULLY]
2022-02-18 11:34:15 DEBUG [main] [view.RestaurantView.showLatestBill(RestaurantView.java:558)] - [SHOW LATEST BILL]
2022-02-18 11:34:15 DEBUG [main] [filehandler.JsonHandler.getListFromFile(JsonHandler.java:33)] - [GET Bill SUCCESSFULLY]
2022-02-18 11:34:15 DEBUG [main] [filehandler.JsonHandler.getListFromFile(JsonHandler.java:33)] - [GET Bill SUCCESSFULLY]
2022-02-18 11:34:15 DEBUG [main] [view.RestaurantView.showBillDetailById(RestaurantView.java:544)] - [SHOW BILL ID=11]
2022-02-18 11:34:15 DEBUG [main] [view.RestaurantView.selectBillItem(RestaurantView.java:80)] - SHOW THE LATEST BILL
2022-02-18 11:34:15 DEBUG [main] [view.RestaurantView.run(RestaurantView.java:659)] - [GO TO MAIN OPTIONS]
2022-02-18 11:34:15 ERROR [main] [view.RestaurantView.run(RestaurantView.java:620)] - [SHOW MAIN OPTIONS]
2022-02-18 11:34:24 DEBUG [main] [view.RestaurantView.run(RestaurantView.java:638)] - [GO TO BILL MANAGER]
2022-02-18 11:34:24 DEBUG [main] [view.RestaurantView.showBillList(RestaurantView.java:525)] - [SHOW BILL LIST]
2022-02-18 11:34:24 DEBUG [main] [filehandler.JsonHandler.getListFromFile(JsonHandler.java:33)] - [GET Bill SUCCESSFULLY]
2022-02-18 11:34:24 DEBUG [main] [view.RestaurantView.billManager(RestaurantView.java:472)] - [SHOW OPTIONS BILL]
2022-02-18 11:34:24 DEBUG [main] [filehandler.JsonHandler.getListFromFile(JsonHandler.java:33)] - [GET Bill SUCCESSFULLY]
2022-02-18 11:37:18 DEBUG [main] [filehandler.JsonHandler.getListFromFile(JsonHandler.java:33)] - [GET Food SUCCESSFULLY]
2022-02-18 11:37:18 DEBUG [main] [filehandler.JsonHandler.getListFromFile(JsonHandler.java:33)] - [GET Drink SUCCESSFULLY]
2022-02-18 11:37:18 DEBUG [main] [view.RestaurantView.run(RestaurantView.java:606)] - [START......................................]
2022-02-18 11:37:18 ERROR [main] [view.RestaurantView.run(RestaurantView.java:615)] - [SHOW MAIN OPTIONS]
2022-02-18 11:37:20 DEBUG [main] [view.RestaurantView.run(RestaurantView.java:633)] - [GO TO BILL MANAGER]
2022-02-18 11:37:20 DEBUG [main] [view.RestaurantView.showBillList(RestaurantView.java:520)] - [SHOW BILL LIST]
2022-02-18 11:37:20 DEBUG [main] [filehandler.JsonHandler.getListFromFile(JsonHandler.java:33)] - [GET Bill SUCCESSFULLY]
2022-02-18 11:37:20 DEBUG [main] [view.RestaurantView.billManager(RestaurantView.java:472)] - [SHOW OPTIONS BILL]
2022-02-18 11:37:20 DEBUG [main] [filehandler.JsonHandler.getListFromFile(JsonHandler.java:33)] - [GET Bill SUCCESSFULLY]
2022-02-18 11:37:25 DEBUG [main] [view.RestaurantView.billManager(RestaurantView.java:487)] - [INPUT ID TO DETAILS BILL]
2022-02-18 11:37:27 DEBUG [main] [filehandler.JsonHandler.getListFromFile(JsonHandler.java:33)] - [GET Bill SUCCESSFULLY]
2022-02-18 11:37:27 DEBUG [main] [view.RestaurantView.showBillDetailById(RestaurantView.java:539)] - [SHOW BILL ID=1]
2022-02-18 11:37:27 DEBUG [main] [view.RestaurantView.showBillList(RestaurantView.java:520)] - [SHOW BILL LIST]
2022-02-18 11:37:27 DEBUG [main] [filehandler.JsonHandler.getListFromFile(JsonHandler.java:33)] - [GET Bill SUCCESSFULLY]
2022-02-18 11:37:27 DEBUG [main] [view.RestaurantView.billManager(RestaurantView.java:472)] - [SHOW OPTIONS BILL]
2022-02-18 11:37:27 DEBUG [main] [filehandler.JsonHandler.getListFromFile(JsonHandler.java:33)] - [GET Bill SUCCESSFULLY]
2022-02-18 11:37:36 DEBUG [main] [view.RestaurantView.billManager(RestaurantView.java:487)] - [INPUT ID TO DETAILS BILL]
2022-02-18 11:37:37 DEBUG [main] [filehandler.JsonHandler.getListFromFile(JsonHandler.java:33)] - [GET Bill SUCCESSFULLY]
2022-02-18 11:37:37 DEBUG [main] [view.RestaurantView.showBillDetailById(RestaurantView.java:539)] - [SHOW BILL ID=12]
2022-02-18 11:37:37 DEBUG [main] [view.RestaurantView.showBillList(RestaurantView.java:520)] - [SHOW BILL LIST]
2022-02-18 11:37:37 DEBUG [main] [filehandler.JsonHandler.getListFromFile(JsonHandler.java:33)] - [GET Bill SUCCESSFULLY]
2022-02-18 11:37:37 DEBUG [main] [view.RestaurantView.billManager(RestaurantView.java:472)] - [SHOW OPTIONS BILL]
2022-02-18 11:37:37 DEBUG [main] [filehandler.JsonHandler.getListFromFile(JsonHandler.java:33)] - [GET Bill SUCCESSFULLY]
2022-02-18 11:38:51 DEBUG [main] [filehandler.JsonHandler.getListFromFile(JsonHandler.java:33)] - [GET Food SUCCESSFULLY]
2022-02-18 11:38:51 DEBUG [main] [filehandler.JsonHandler.getListFromFile(JsonHandler.java:33)] - [GET Drink SUCCESSFULLY]
2022-02-18 11:38:51 DEBUG [main] [view.RestaurantView.run(RestaurantView.java:606)] - [START......................................]
2022-02-18 11:38:51 ERROR [main] [view.RestaurantView.run(RestaurantView.java:615)] - [SHOW MAIN OPTIONS]
2022-02-18 11:38:53 DEBUG [main] [view.RestaurantView.run(RestaurantView.java:633)] - [GO TO BILL MANAGER]
2022-02-18 11:38:53 DEBUG [main] [view.RestaurantView.showBillList(RestaurantView.java:520)] - [SHOW BILL LIST]
2022-02-18 11:38:53 DEBUG [main] [filehandler.JsonHandler.getListFromFile(JsonHandler.java:33)] - [GET Bill SUCCESSFULLY]
2022-02-18 11:39:26 DEBUG [main] [filehandler.JsonHandler.getListFromFile(JsonHandler.java:33)] - [GET Food SUCCESSFULLY]
2022-02-18 11:39:26 DEBUG [main] [filehandler.JsonHandler.getListFromFile(JsonHandler.java:33)] - [GET Drink SUCCESSFULLY]
2022-02-18 11:39:26 DEBUG [main] [view.RestaurantView.run(RestaurantView.java:606)] - [START......................................]
2022-02-18 11:39:26 ERROR [main] [view.RestaurantView.run(RestaurantView.java:615)] - [SHOW MAIN OPTIONS]
2022-02-18 11:39:29 DEBUG [main] [view.RestaurantView.run(RestaurantView.java:633)] - [GO TO BILL MANAGER]
2022-02-18 11:39:29 DEBUG [main] [view.RestaurantView.showBillList(RestaurantView.java:520)] - [SHOW BILL LIST]
2022-02-18 11:39:29 DEBUG [main] [filehandler.JsonHandler.getListFromFile(JsonHandler.java:33)] - [GET Bill SUCCESSFULLY]
2022-02-18 11:39:29 DEBUG [main] [view.RestaurantView.billManager(RestaurantView.java:472)] - [SHOW OPTIONS BILL]
2022-02-18 11:39:29 DEBUG [main] [filehandler.JsonHandler.getListFromFile(JsonHandler.java:33)] - [GET Bill SUCCESSFULLY]
2022-02-18 11:39:57 DEBUG [main] [filehandler.JsonHandler.getListFromFile(JsonHandler.java:33)] - [GET Food SUCCESSFULLY]
2022-02-18 11:39:57 DEBUG [main] [filehandler.JsonHandler.getListFromFile(JsonHandler.java:33)] - [GET Drink SUCCESSFULLY]
2022-02-18 11:39:57 DEBUG [main] [view.RestaurantView.run(RestaurantView.java:606)] - [START......................................]
2022-02-18 11:39:57 ERROR [main] [view.RestaurantView.run(RestaurantView.java:615)] - [SHOW MAIN OPTIONS]
2022-02-18 11:40:06 DEBUG [main] [view.RestaurantView.run(RestaurantView.java:633)] - [GO TO BILL MANAGER]
2022-02-18 11:40:06 DEBUG [main] [view.RestaurantView.showBillList(RestaurantView.java:520)] - [SHOW BILL LIST]
2022-02-18 11:40:06 DEBUG [main] [filehandler.JsonHandler.getListFromFile(JsonHandler.java:33)] - [GET Bill SUCCESSFULLY]
2022-02-18 11:40:06 DEBUG [main] [view.RestaurantView.billManager(RestaurantView.java:472)] - [SHOW OPTIONS BILL]
2022-02-18 11:40:06 DEBUG [main] [filehandler.JsonHandler.getListFromFile(JsonHandler.java:33)] - [GET Bill SUCCESSFULLY]
2022-02-18 11:40:09 DEBUG [main] [view.RestaurantView.run(RestaurantView.java:635)] - [EXIT MENU MANAGER]
2022-02-18 11:40:09 DEBUG [main] [view.RestaurantView.run(RestaurantView.java:654)] - [GO TO MAIN OPTIONS]
2022-02-18 11:40:09 ERROR [main] [view.RestaurantView.run(RestaurantView.java:615)] - [SHOW MAIN OPTIONS]
2022-02-18 11:40:14 DEBUG [main] [filehandler.JsonHandler.getListFromFile(JsonHandler.java:33)] - [GET Bill SUCCESSFULLY]
2022-02-18 11:40:14 DEBUG [main] [filehandler.JsonHandler.getListFromFile(JsonHandler.java:33)] - [GET Bill SUCCESSFULLY]
2022-02-18 11:40:14 DEBUG [main] [filehandler.JsonHandler.getListFromFile(JsonHandler.java:33)] - [GET Bill SUCCESSFULLY]
2022-02-18 11:40:28 DEBUG [main] [view.RestaurantView.payBill(RestaurantView.java:587)] - [PAID BILL ID=]
2022-02-18 11:40:28 DEBUG [main] [view.RestaurantView.run(RestaurantView.java:654)] - [GO TO MAIN OPTIONS]
2022-02-18 11:40:28 ERROR [main] [view.RestaurantView.run(RestaurantView.java:615)] - [SHOW MAIN OPTIONS]
2022-02-18 11:40:41 DEBUG [main] [view.RestaurantView.run(RestaurantView.java:633)] - [GO TO BILL MANAGER]
2022-02-18 11:40:41 DEBUG [main] [view.RestaurantView.showBillList(RestaurantView.java:520)] - [SHOW BILL LIST]
2022-02-18 11:40:41 DEBUG [main] [filehandler.JsonHandler.getListFromFile(JsonHandler.java:33)] - [GET Bill SUCCESSFULLY]
2022-02-18 11:40:41 DEBUG [main] [view.RestaurantView.billManager(RestaurantView.java:472)] - [SHOW OPTIONS BILL]
2022-02-18 11:40:41 DEBUG [main] [filehandler.JsonHandler.getListFromFile(JsonHandler.java:33)] - [GET Bill SUCCESSFULLY]
2022-02-18 11:41:18 DEBUG [main] [filehandler.JsonHandler.getListFromFile(JsonHandler.java:33)] - [GET Food SUCCESSFULLY]
2022-02-18 11:41:18 DEBUG [main] [filehandler.JsonHandler.getListFromFile(JsonHandler.java:33)] - [GET Drink SUCCESSFULLY]
2022-02-18 11:41:18 DEBUG [main] [view.RestaurantView.run(RestaurantView.java:606)] - [START......................................]
2022-02-18 11:41:18 ERROR [main] [view.RestaurantView.run(RestaurantView.java:615)] - [SHOW MAIN OPTIONS]
2022-02-18 11:41:20 DEBUG [main] [view.RestaurantView.run(RestaurantView.java:633)] - [GO TO BILL MANAGER]
2022-02-18 11:41:20 DEBUG [main] [view.RestaurantView.showBillList(RestaurantView.java:520)] - [SHOW BILL LIST]
2022-02-18 11:41:20 DEBUG [main] [filehandler.JsonHandler.getListFromFile(JsonHandler.java:33)] - [GET Bill SUCCESSFULLY]
2022-02-18 11:41:20 DEBUG [main] [view.RestaurantView.billManager(RestaurantView.java:472)] - [SHOW OPTIONS BILL]
2022-02-18 11:41:20 DEBUG [main] [filehandler.JsonHandler.getListFromFile(JsonHandler.java:33)] - [GET Bill SUCCESSFULLY]
2022-02-18 11:41:24 DEBUG [main] [view.RestaurantView.run(RestaurantView.java:635)] - [EXIT MENU MANAGER]
2022-02-18 11:41:24 DEBUG [main] [view.RestaurantView.run(RestaurantView.java:654)] - [GO TO MAIN OPTIONS]
2022-02-18 11:41:24 ERROR [main] [view.RestaurantView.run(RestaurantView.java:615)] - [SHOW MAIN OPTIONS]
2022-02-18 11:41:27 DEBUG [main] [filehandler.JsonHandler.getListFromFile(JsonHandler.java:33)] - [GET Bill SUCCESSFULLY]
2022-02-18 11:41:27 DEBUG [main] [filehandler.JsonHandler.getListFromFile(JsonHandler.java:33)] - [GET Bill SUCCESSFULLY]
2022-02-18 11:41:27 DEBUG [main] [filehandler.JsonHandler.getListFromFile(JsonHandler.java:33)] - [GET Bill SUCCESSFULLY]
2022-02-18 11:42:27 ERROR [main] [view.RestaurantView.payBill(RestaurantView.java:595)] - [{}]
java.lang.NumberFormatException: For input string: ""
	at java.lang.NumberFormatException.forInputString(NumberFormatException.java:65) ~[?:1.8.0_312]
	at java.lang.Integer.parseInt(Integer.java:592) ~[?:1.8.0_312]
	at java.lang.Integer.parseInt(Integer.java:615) ~[?:1.8.0_312]
	at view.RestaurantView.payBill(RestaurantView.java:572) [classes/:?]
	at view.RestaurantView.run(RestaurantView.java:642) [classes/:?]
	at RestaurantManagement.main(RestaurantManagement.java:9) [classes/:?]
2022-02-18 11:42:27 DEBUG [main] [view.RestaurantView.run(RestaurantView.java:654)] - [GO TO MAIN OPTIONS]
2022-02-18 11:42:27 ERROR [main] [view.RestaurantView.run(RestaurantView.java:615)] - [SHOW MAIN OPTIONS]
2022-02-18 11:43:04 DEBUG [main] [view.RestaurantView.run(RestaurantView.java:633)] - [GO TO BILL MANAGER]
2022-02-18 11:43:04 DEBUG [main] [view.RestaurantView.showBillList(RestaurantView.java:520)] - [SHOW BILL LIST]
2022-02-18 11:43:04 DEBUG [main] [filehandler.JsonHandler.getListFromFile(JsonHandler.java:33)] - [GET Bill SUCCESSFULLY]
2022-02-18 11:43:04 DEBUG [main] [view.RestaurantView.billManager(RestaurantView.java:472)] - [SHOW OPTIONS BILL]
2022-02-18 11:43:04 DEBUG [main] [filehandler.JsonHandler.getListFromFile(JsonHandler.java:33)] - [GET Bill SUCCESSFULLY]
2022-02-18 11:43:07 DEBUG [main] [view.RestaurantView.run(RestaurantView.java:635)] - [EXIT MENU MANAGER]
2022-02-18 11:43:07 DEBUG [main] [view.RestaurantView.run(RestaurantView.java:654)] - [GO TO MAIN OPTIONS]
2022-02-18 11:43:07 ERROR [main] [view.RestaurantView.run(RestaurantView.java:615)] - [SHOW MAIN OPTIONS]
2022-02-18 11:43:12 DEBUG [main] [filehandler.JsonHandler.getListFromFile(JsonHandler.java:33)] - [GET Bill SUCCESSFULLY]
2022-02-18 11:43:12 ERROR [main] [view.RestaurantView.payBill(RestaurantView.java:599)] - [{}]
exception.RestaurantException: null
	at controller.BillController.getTotalBill(BillController.java:99) ~[classes/:?]
	at view.RestaurantView.payBill(RestaurantView.java:568) [classes/:?]
	at view.RestaurantView.run(RestaurantView.java:642) [classes/:?]
	at RestaurantManagement.main(RestaurantManagement.java:9) [classes/:?]
2022-02-18 11:43:12 DEBUG [main] [view.RestaurantView.run(RestaurantView.java:654)] - [GO TO MAIN OPTIONS]
2022-02-18 11:43:12 ERROR [main] [view.RestaurantView.run(RestaurantView.java:615)] - [SHOW MAIN OPTIONS]
2022-02-18 11:44:51 DEBUG [main] [filehandler.JsonHandler.getListFromFile(JsonHandler.java:33)] - [GET Food SUCCESSFULLY]
2022-02-18 11:44:51 DEBUG [main] [filehandler.JsonHandler.getListFromFile(JsonHandler.java:33)] - [GET Drink SUCCESSFULLY]
2022-02-18 11:44:51 DEBUG [main] [view.RestaurantView.run(RestaurantView.java:606)] - [START......................................]
2022-02-18 11:44:51 ERROR [main] [view.RestaurantView.run(RestaurantView.java:615)] - [SHOW MAIN OPTIONS]
2022-02-18 11:44:57 DEBUG [main] [filehandler.JsonHandler.getListFromFile(JsonHandler.java:33)] - [GET Bill SUCCESSFULLY]
2022-02-18 11:44:57 ERROR [main] [view.RestaurantView.payBill(RestaurantView.java:599)] - [{}]
exception.RestaurantException: null
	at controller.BillController.getTotalBill(BillController.java:99) ~[classes/:?]
	at view.RestaurantView.payBill(RestaurantView.java:568) [classes/:?]
	at view.RestaurantView.run(RestaurantView.java:642) [classes/:?]
	at RestaurantManagement.main(RestaurantManagement.java:9) [classes/:?]
2022-02-18 11:44:57 DEBUG [main] [view.RestaurantView.run(RestaurantView.java:654)] - [GO TO MAIN OPTIONS]
2022-02-18 11:44:57 ERROR [main] [view.RestaurantView.run(RestaurantView.java:615)] - [SHOW MAIN OPTIONS]
2022-02-18 11:45:04 DEBUG [main] [filehandler.JsonHandler.getListFromFile(JsonHandler.java:33)] - [GET Food SUCCESSFULLY]
2022-02-18 11:45:04 DEBUG [main] [filehandler.JsonHandler.getListFromFile(JsonHandler.java:33)] - [GET Drink SUCCESSFULLY]
2022-02-18 11:45:04 DEBUG [main] [view.RestaurantView.run(RestaurantView.java:606)] - [START......................................]
2022-02-18 11:45:04 ERROR [main] [view.RestaurantView.run(RestaurantView.java:615)] - [SHOW MAIN OPTIONS]
2022-02-18 11:45:42 DEBUG [main] [filehandler.JsonHandler.getListFromFile(JsonHandler.java:33)] - [GET Bill SUCCESSFULLY]
2022-02-18 11:45:57 DEBUG [main] [filehandler.JsonHandler.getListFromFile(JsonHandler.java:33)] - [GET Bill SUCCESSFULLY]
2022-02-18 11:46:33 ERROR [main] [view.RestaurantView.payBill(RestaurantView.java:599)] - [{}]
exception.RestaurantException: null
	at controller.BillController.getTotalBill(BillController.java:99) ~[classes/:?]
	at view.RestaurantView.payBill(RestaurantView.java:568) [classes/:?]
	at view.RestaurantView.run(RestaurantView.java:642) [classes/:?]
	at RestaurantManagement.main(RestaurantManagement.java:9) [classes/:?]
2022-02-18 11:46:35 DEBUG [main] [view.RestaurantView.run(RestaurantView.java:654)] - [GO TO MAIN OPTIONS]
2022-02-18 11:46:35 ERROR [main] [view.RestaurantView.run(RestaurantView.java:615)] - [SHOW MAIN OPTIONS]
2022-02-18 11:46:39 DEBUG [main] [filehandler.JsonHandler.getListFromFile(JsonHandler.java:33)] - [GET Food SUCCESSFULLY]
2022-02-18 11:46:39 DEBUG [main] [filehandler.JsonHandler.getListFromFile(JsonHandler.java:33)] - [GET Drink SUCCESSFULLY]
2022-02-18 11:46:39 DEBUG [main] [view.RestaurantView.run(RestaurantView.java:606)] - [START......................................]
2022-02-18 11:46:39 ERROR [main] [view.RestaurantView.run(RestaurantView.java:615)] - [SHOW MAIN OPTIONS]
2022-02-18 11:46:41 DEBUG [main] [view.RestaurantView.run(RestaurantView.java:638)] - [GO TO CREATE BILL]
2022-02-18 11:46:41 DEBUG [main] [filehandler.JsonHandler.getListFromFile(JsonHandler.java:33)] - [GET Bill SUCCESSFULLY]
2022-02-18 11:46:41 DEBUG [main] [controller.BillController.createBill(BillController.java:81)] - [CREATE EMPTY BILL ID=13]
2022-02-18 11:46:41 DEBUG [main] [view.RestaurantView.selectBillItem(RestaurantView.java:42)] - [SELECT ITEM]
2022-02-18 11:46:44 DEBUG [main] [view.RestaurantView.selectBillItem(RestaurantView.java:63)] - [SELECTION DONE]
2022-02-18 11:46:44 DEBUG [main] [view.RestaurantView.run(RestaurantView.java:654)] - [GO TO MAIN OPTIONS]
2022-02-18 11:46:44 ERROR [main] [view.RestaurantView.run(RestaurantView.java:615)] - [SHOW MAIN OPTIONS]
2022-02-18 11:46:59 DEBUG [main] [filehandler.JsonHandler.getListFromFile(JsonHandler.java:33)] - [GET Bill SUCCESSFULLY]
2022-02-18 11:46:59 ERROR [main] [view.RestaurantView.payBill(RestaurantView.java:599)] - [{}]
exception.RestaurantException: null
	at controller.BillController.getTotalBill(BillController.java:99) ~[classes/:?]
	at view.RestaurantView.payBill(RestaurantView.java:568) [classes/:?]
	at view.RestaurantView.run(RestaurantView.java:642) [classes/:?]
	at RestaurantManagement.main(RestaurantManagement.java:9) [classes/:?]
2022-02-18 11:46:59 DEBUG [main] [view.RestaurantView.run(RestaurantView.java:654)] - [GO TO MAIN OPTIONS]
2022-02-18 11:46:59 ERROR [main] [view.RestaurantView.run(RestaurantView.java:615)] - [SHOW MAIN OPTIONS]
2022-02-18 11:50:38 DEBUG [main] [filehandler.JsonHandler.getListFromFile(JsonHandler.java:33)] - [GET Bill SUCCESSFULLY]
2022-02-18 11:50:38 DEBUG [main] [filehandler.JsonHandler.getListFromFile(JsonHandler.java:33)] - [GET Bill SUCCESSFULLY]
2022-02-18 11:50:38 DEBUG [main] [filehandler.JsonHandler.getListFromFile(JsonHandler.java:33)] - [GET Bill SUCCESSFULLY]
2022-02-18 11:51:34 DEBUG [main] [filehandler.JsonHandler.getListFromFile(JsonHandler.java:33)] - [GET Food SUCCESSFULLY]
2022-02-18 11:51:34 DEBUG [main] [filehandler.JsonHandler.getListFromFile(JsonHandler.java:33)] - [GET Drink SUCCESSFULLY]
2022-02-18 11:51:34 DEBUG [main] [view.RestaurantView.run(RestaurantView.java:606)] - [START......................................]
2022-02-18 11:51:34 ERROR [main] [view.RestaurantView.run(RestaurantView.java:615)] - [SHOW MAIN OPTIONS]
2022-02-18 11:51:37 DEBUG [main] [filehandler.JsonHandler.getListFromFile(JsonHandler.java:33)] - [GET Bill SUCCESSFULLY]
2022-02-18 11:51:37 DEBUG [main] [filehandler.JsonHandler.getListFromFile(JsonHandler.java:33)] - [GET Bill SUCCESSFULLY]
2022-02-18 11:51:37 DEBUG [main] [filehandler.JsonHandler.getListFromFile(JsonHandler.java:33)] - [GET Bill SUCCESSFULLY]
2022-02-18 11:51:39 DEBUG [main] [view.RestaurantView.run(RestaurantView.java:654)] - [GO TO MAIN OPTIONS]
2022-02-18 11:51:39 ERROR [main] [view.RestaurantView.run(RestaurantView.java:615)] - [SHOW MAIN OPTIONS]
2022-02-18 11:51:42 DEBUG [main] [filehandler.JsonHandler.getListFromFile(JsonHandler.java:33)] - [GET Bill SUCCESSFULLY]
2022-02-18 11:51:42 DEBUG [main] [filehandler.JsonHandler.getListFromFile(JsonHandler.java:33)] - [GET Bill SUCCESSFULLY]
2022-02-18 11:51:42 DEBUG [main] [filehandler.JsonHandler.getListFromFile(JsonHandler.java:33)] - [GET Bill SUCCESSFULLY]
2022-02-18 11:51:52 DEBUG [main] [filehandler.JsonHandler.getListFromFile(JsonHandler.java:33)] - [GET Bill SUCCESSFULLY]
2022-02-18 11:51:52 DEBUG [main] [view.RestaurantView.payBill(RestaurantView.java:587)] - [PAID BILL ID=]
2022-02-18 11:51:52 DEBUG [main] [view.RestaurantView.run(RestaurantView.java:654)] - [GO TO MAIN OPTIONS]
2022-02-18 11:51:52 ERROR [main] [view.RestaurantView.run(RestaurantView.java:615)] - [SHOW MAIN OPTIONS]
2022-02-18 11:51:57 DEBUG [main] [view.RestaurantView.run(RestaurantView.java:633)] - [GO TO BILL MANAGER]
2022-02-18 11:51:57 DEBUG [main] [view.RestaurantView.showBillList(RestaurantView.java:520)] - [SHOW BILL LIST]
2022-02-18 11:51:57 DEBUG [main] [filehandler.JsonHandler.getListFromFile(JsonHandler.java:33)] - [GET Bill SUCCESSFULLY]
2022-02-18 11:51:57 DEBUG [main] [view.RestaurantView.billManager(RestaurantView.java:472)] - [SHOW OPTIONS BILL]
2022-02-18 11:51:57 DEBUG [main] [filehandler.JsonHandler.getListFromFile(JsonHandler.java:33)] - [GET Bill SUCCESSFULLY]
2022-02-18 11:55:02 DEBUG [main] [filehandler.JsonHandler.getListFromFile(JsonHandler.java:33)] - [GET Food SUCCESSFULLY]
2022-02-18 11:55:02 DEBUG [main] [filehandler.JsonHandler.getListFromFile(JsonHandler.java:33)] - [GET Drink SUCCESSFULLY]
2022-02-18 11:55:02 DEBUG [main] [view.RestaurantView.run(RestaurantView.java:606)] - [START......................................]
2022-02-18 11:55:02 ERROR [main] [view.RestaurantView.run(RestaurantView.java:615)] - [SHOW MAIN OPTIONS]
2022-02-18 11:56:13 DEBUG [main] [filehandler.JsonHandler.getListFromFile(JsonHandler.java:33)] - [GET Food SUCCESSFULLY]
2022-02-18 11:56:13 DEBUG [main] [filehandler.JsonHandler.getListFromFile(JsonHandler.java:33)] - [GET Drink SUCCESSFULLY]
2022-02-18 11:56:13 DEBUG [main] [view.RestaurantView.run(RestaurantView.java:606)] - [START......................................]
2022-02-18 11:56:13 ERROR [main] [view.RestaurantView.run(RestaurantView.java:615)] - [SHOW MAIN OPTIONS]
2022-02-18 11:56:20 DEBUG [main] [filehandler.JsonHandler.getListFromFile(JsonHandler.java:33)] - [GET Bill SUCCESSFULLY]
2022-02-18 11:56:20 DEBUG [main] [filehandler.JsonHandler.getListFromFile(JsonHandler.java:33)] - [GET Bill SUCCESSFULLY]
2022-02-18 11:56:20 DEBUG [main] [filehandler.JsonHandler.getListFromFile(JsonHandler.java:33)] - [GET Bill SUCCESSFULLY]
2022-02-18 11:56:24 DEBUG [main] [filehandler.JsonHandler.getListFromFile(JsonHandler.java:33)] - [GET Bill SUCCESSFULLY]
2022-02-18 11:56:24 DEBUG [main] [filehandler.JsonHandler.saveListToFile(JsonHandler.java:56)] - [SAVE Bill SUCCESSFULLY]
2022-02-18 11:56:24 DEBUG [main] [view.RestaurantView.payBill(RestaurantView.java:587)] - [PAID BILL ID=]
2022-02-18 11:56:24 DEBUG [main] [view.RestaurantView.run(RestaurantView.java:654)] - [GO TO MAIN OPTIONS]
2022-02-18 11:56:24 ERROR [main] [view.RestaurantView.run(RestaurantView.java:615)] - [SHOW MAIN OPTIONS]
2022-02-18 11:56:35 DEBUG [main] [view.RestaurantView.run(RestaurantView.java:633)] - [GO TO BILL MANAGER]
2022-02-18 11:56:35 DEBUG [main] [view.RestaurantView.showBillList(RestaurantView.java:520)] - [SHOW BILL LIST]
2022-02-18 11:56:35 DEBUG [main] [filehandler.JsonHandler.getListFromFile(JsonHandler.java:33)] - [GET Bill SUCCESSFULLY]
2022-02-18 11:56:35 DEBUG [main] [view.RestaurantView.billManager(RestaurantView.java:472)] - [SHOW OPTIONS BILL]
2022-02-18 11:56:35 DEBUG [main] [filehandler.JsonHandler.getListFromFile(JsonHandler.java:33)] - [GET Bill SUCCESSFULLY]
2022-02-18 12:21:29 DEBUG [main] [filehandler.JsonHandler.getListFromFile(JsonHandler.java:33)] - [GET Food SUCCESSFULLY]
2022-02-18 12:21:29 DEBUG [main] [filehandler.JsonHandler.getListFromFile(JsonHandler.java:33)] - [GET Drink SUCCESSFULLY]
2022-02-18 12:21:29 DEBUG [main] [view.RestaurantView.run(RestaurantView.java:606)] - [START......................................]
2022-02-18 12:21:29 ERROR [main] [view.RestaurantView.run(RestaurantView.java:615)] - [SHOW MAIN OPTIONS]
2022-02-18 12:21:30 DEBUG [main] [view.RestaurantView.run(RestaurantView.java:638)] - [GO TO CREATE BILL]
2022-02-18 12:21:30 DEBUG [main] [filehandler.JsonHandler.getListFromFile(JsonHandler.java:33)] - [GET Bill SUCCESSFULLY]
2022-02-18 12:21:30 DEBUG [main] [controller.BillController.createBill(BillController.java:81)] - [CREATE EMPTY BILL ID=13]
2022-02-18 12:21:30 DEBUG [main] [view.RestaurantView.selectBillItem(RestaurantView.java:42)] - [SELECT ITEM]
2022-02-18 12:21:32 DEBUG [main] [view.RestaurantView.selectBillItem(RestaurantView.java:54)] - [INPUT ID TO SELECT]
2022-02-18 12:21:36 DEBUG [main] [filehandler.JsonHandler.getListFromFile(JsonHandler.java:33)] - [GET Bill SUCCESSFULLY]
2022-02-18 12:21:36 DEBUG [main] [filehandler.JsonHandler.getListFromFile(JsonHandler.java:33)] - [GET Bill SUCCESSFULLY]
2022-02-18 12:21:36 DEBUG [main] [controller.BillController.addBillItem(BillController.java:35)] - [ADD ITEM ID=6QUANTITY=2 TO BILL]
2022-02-18 12:21:36 DEBUG [main] [view.RestaurantView.selectBillItem(RestaurantView.java:42)] - [SELECT ITEM]
2022-02-18 12:21:38 DEBUG [main] [view.RestaurantView.selectBillItem(RestaurantView.java:54)] - [INPUT ID TO SELECT]
2022-02-18 12:21:39 DEBUG [main] [filehandler.JsonHandler.getListFromFile(JsonHandler.java:33)] - [GET Bill SUCCESSFULLY]
2022-02-18 12:21:39 DEBUG [main] [filehandler.JsonHandler.getListFromFile(JsonHandler.java:33)] - [GET Bill SUCCESSFULLY]
2022-02-18 12:21:39 DEBUG [main] [controller.BillController.addBillItem(BillController.java:35)] - [ADD ITEM ID=4QUANTITY=2 TO BILL]
2022-02-18 12:21:39 DEBUG [main] [view.RestaurantView.selectBillItem(RestaurantView.java:42)] - [SELECT ITEM]
2022-02-18 12:21:41 DEBUG [main] [view.RestaurantView.selectBillItem(RestaurantView.java:63)] - [SELECTION DONE]
2022-02-18 12:21:41 DEBUG [main] [filehandler.JsonHandler.getListFromFile(JsonHandler.java:33)] - [GET Bill SUCCESSFULLY]
2022-02-18 12:21:41 DEBUG [main] [service.BillServiceImp.saveBill(BillServiceImp.java:34)] - {[]}
2022-02-18 12:21:41 DEBUG [main] [filehandler.JsonHandler.saveToFile(JsonHandler.java:80)] - [SAVE Bill SUCCESSFULLY]
2022-02-18 12:21:41 DEBUG [main] [controller.BillController.saveBill(BillController.java:54)] - [SAVE BILL ID=13]
2022-02-18 12:21:41 DEBUG [main] [view.RestaurantView.selectBillItem(RestaurantView.java:78)] - [CREATE BILL SUCCESSFULLY]
2022-02-18 12:21:41 DEBUG [main] [view.RestaurantView.showLatestBill(RestaurantView.java:553)] - [SHOW LATEST BILL]
2022-02-18 12:21:41 DEBUG [main] [filehandler.JsonHandler.getListFromFile(JsonHandler.java:33)] - [GET Bill SUCCESSFULLY]
2022-02-18 12:21:41 DEBUG [main] [filehandler.JsonHandler.getListFromFile(JsonHandler.java:33)] - [GET Bill SUCCESSFULLY]
2022-02-18 12:21:41 DEBUG [main] [view.RestaurantView.showBillDetailById(RestaurantView.java:539)] - [SHOW BILL ID=12]
2022-02-18 12:21:41 DEBUG [main] [view.RestaurantView.selectBillItem(RestaurantView.java:80)] - SHOW THE LATEST BILL
2022-02-18 12:21:41 DEBUG [main] [view.RestaurantView.run(RestaurantView.java:654)] - [GO TO MAIN OPTIONS]
2022-02-18 12:21:41 ERROR [main] [view.RestaurantView.run(RestaurantView.java:615)] - [SHOW MAIN OPTIONS]
2022-02-18 12:21:52 DEBUG [main] [view.RestaurantView.run(RestaurantView.java:633)] - [GO TO BILL MANAGER]
2022-02-18 12:21:52 DEBUG [main] [view.RestaurantView.showBillList(RestaurantView.java:520)] - [SHOW BILL LIST]
2022-02-18 12:21:52 DEBUG [main] [filehandler.JsonHandler.getListFromFile(JsonHandler.java:33)] - [GET Bill SUCCESSFULLY]
2022-02-18 12:21:52 DEBUG [main] [view.RestaurantView.billManager(RestaurantView.java:472)] - [SHOW OPTIONS BILL]
2022-02-18 12:21:52 DEBUG [main] [filehandler.JsonHandler.getListFromFile(JsonHandler.java:33)] - [GET Bill SUCCESSFULLY]
2022-02-18 12:25:45 DEBUG [main] [filehandler.JsonHandler.getListFromFile(JsonHandler.java:33)] - [GET Food SUCCESSFULLY]
2022-02-18 12:25:45 DEBUG [main] [filehandler.JsonHandler.getListFromFile(JsonHandler.java:33)] - [GET Drink SUCCESSFULLY]
2022-02-18 12:25:45 DEBUG [main] [view.RestaurantView.run(RestaurantView.java:606)] - [START......................................]
2022-02-18 12:25:45 ERROR [main] [view.RestaurantView.run(RestaurantView.java:615)] - [SHOW MAIN OPTIONS]
2022-02-18 12:25:48 DEBUG [main] [view.RestaurantView.run(RestaurantView.java:633)] - [GO TO BILL MANAGER]
2022-02-18 12:25:48 DEBUG [main] [view.RestaurantView.showBillList(RestaurantView.java:520)] - [SHOW BILL LIST]
2022-02-18 12:25:48 DEBUG [main] [filehandler.JsonHandler.getListFromFile(JsonHandler.java:33)] - [GET Bill SUCCESSFULLY]
2022-02-18 12:25:48 DEBUG [main] [view.RestaurantView.billManager(RestaurantView.java:472)] - [SHOW OPTIONS BILL]
2022-02-18 12:25:48 DEBUG [main] [filehandler.JsonHandler.getListFromFile(JsonHandler.java:33)] - [GET Bill SUCCESSFULLY]
2022-02-18 12:25:50 DEBUG [main] [view.RestaurantView.run(RestaurantView.java:635)] - [EXIT MENU MANAGER]
2022-02-18 12:25:50 DEBUG [main] [view.RestaurantView.run(RestaurantView.java:654)] - [GO TO MAIN OPTIONS]
2022-02-18 12:25:50 ERROR [main] [view.RestaurantView.run(RestaurantView.java:615)] - [SHOW MAIN OPTIONS]
2022-02-18 12:25:51 DEBUG [main] [view.RestaurantView.run(RestaurantView.java:638)] - [GO TO CREATE BILL]
2022-02-18 12:25:51 DEBUG [main] [filehandler.JsonHandler.getListFromFile(JsonHandler.java:33)] - [GET Bill SUCCESSFULLY]
2022-02-18 12:25:51 DEBUG [main] [controller.BillController.createBill(BillController.java:81)] - [CREATE EMPTY BILL ID=13]
2022-02-18 12:25:51 DEBUG [main] [view.RestaurantView.selectBillItem(RestaurantView.java:42)] - [SELECT ITEM]
2022-02-18 12:25:58 DEBUG [main] [view.RestaurantView.selectBillItem(RestaurantView.java:54)] - [INPUT ID TO SELECT]
2022-02-18 12:26:00 DEBUG [main] [filehandler.JsonHandler.getListFromFile(JsonHandler.java:33)] - [GET Bill SUCCESSFULLY]
2022-02-18 12:26:00 DEBUG [main] [filehandler.JsonHandler.getListFromFile(JsonHandler.java:33)] - [GET Bill SUCCESSFULLY]
2022-02-18 12:26:00 DEBUG [main] [controller.BillController.addBillItem(BillController.java:35)] - [ADD ITEM ID=6QUANTITY=2 TO BILL]
2022-02-18 12:26:00 DEBUG [main] [view.RestaurantView.selectBillItem(RestaurantView.java:42)] - [SELECT ITEM]
2022-02-18 12:26:01 DEBUG [main] [view.RestaurantView.selectBillItem(RestaurantView.java:54)] - [INPUT ID TO SELECT]
2022-02-18 12:26:04 DEBUG [main] [filehandler.JsonHandler.getListFromFile(JsonHandler.java:33)] - [GET Bill SUCCESSFULLY]
2022-02-18 12:26:04 DEBUG [main] [filehandler.JsonHandler.getListFromFile(JsonHandler.java:33)] - [GET Bill SUCCESSFULLY]
2022-02-18 12:26:04 DEBUG [main] [controller.BillController.addBillItem(BillController.java:35)] - [ADD ITEM ID=4QUANTITY=2 TO BILL]
2022-02-18 12:26:04 DEBUG [main] [view.RestaurantView.selectBillItem(RestaurantView.java:42)] - [SELECT ITEM]
2022-02-18 12:26:06 DEBUG [main] [view.RestaurantView.selectBillItem(RestaurantView.java:63)] - [SELECTION DONE]
2022-02-18 12:26:06 DEBUG [main] [filehandler.JsonHandler.getListFromFile(JsonHandler.java:33)] - [GET Bill SUCCESSFULLY]
2022-02-18 12:26:06 DEBUG [main] [filehandler.JsonHandler.getListFromFile(JsonHandler.java:33)] - [GET Bill SUCCESSFULLY]
2022-02-18 12:26:06 DEBUG [main] [filehandler.JsonHandler.getListFromFile(JsonHandler.java:33)] - [GET Bill SUCCESSFULLY]
2022-02-18 12:26:06 DEBUG [main] [service.BillServiceImp.saveBill(BillServiceImp.java:35)] - {[]}
2022-02-18 12:26:06 DEBUG [main] [filehandler.JsonHandler.saveListToFile(JsonHandler.java:56)] - [SAVE Bill SUCCESSFULLY]
2022-02-18 12:26:06 DEBUG [main] [controller.BillController.saveBill(BillController.java:54)] - [SAVE BILL ID=13]
2022-02-18 12:26:06 DEBUG [main] [view.RestaurantView.selectBillItem(RestaurantView.java:78)] - [CREATE BILL SUCCESSFULLY]
2022-02-18 12:26:06 DEBUG [main] [view.RestaurantView.showLatestBill(RestaurantView.java:553)] - [SHOW LATEST BILL]
2022-02-18 12:26:06 DEBUG [main] [filehandler.JsonHandler.getListFromFile(JsonHandler.java:33)] - [GET Bill SUCCESSFULLY]
2022-02-18 12:26:06 DEBUG [main] [filehandler.JsonHandler.getListFromFile(JsonHandler.java:33)] - [GET Bill SUCCESSFULLY]
2022-02-18 12:26:06 DEBUG [main] [view.RestaurantView.showBillDetailById(RestaurantView.java:539)] - [SHOW BILL ID=12]
2022-02-18 12:26:06 DEBUG [main] [view.RestaurantView.selectBillItem(RestaurantView.java:80)] - SHOW THE LATEST BILL
2022-02-18 12:26:06 DEBUG [main] [view.RestaurantView.run(RestaurantView.java:654)] - [GO TO MAIN OPTIONS]
2022-02-18 12:26:06 ERROR [main] [view.RestaurantView.run(RestaurantView.java:615)] - [SHOW MAIN OPTIONS]
2022-02-18 12:26:11 DEBUG [main] [view.RestaurantView.run(RestaurantView.java:633)] - [GO TO BILL MANAGER]
2022-02-18 12:26:11 DEBUG [main] [view.RestaurantView.showBillList(RestaurantView.java:520)] - [SHOW BILL LIST]
2022-02-18 12:26:11 DEBUG [main] [filehandler.JsonHandler.getListFromFile(JsonHandler.java:33)] - [GET Bill SUCCESSFULLY]
2022-02-18 12:26:11 DEBUG [main] [view.RestaurantView.billManager(RestaurantView.java:472)] - [SHOW OPTIONS BILL]
2022-02-18 12:26:11 DEBUG [main] [filehandler.JsonHandler.getListFromFile(JsonHandler.java:33)] - [GET Bill SUCCESSFULLY]
2022-02-18 12:27:12 DEBUG [main] [filehandler.JsonHandler.getListFromFile(JsonHandler.java:33)] - [GET Food SUCCESSFULLY]
2022-02-18 12:27:12 DEBUG [main] [filehandler.JsonHandler.getListFromFile(JsonHandler.java:33)] - [GET Drink SUCCESSFULLY]
2022-02-18 12:27:12 DEBUG [main] [view.RestaurantView.run(RestaurantView.java:606)] - [START......................................]
2022-02-18 12:27:12 ERROR [main] [view.RestaurantView.run(RestaurantView.java:615)] - [SHOW MAIN OPTIONS]
2022-02-18 12:27:14 DEBUG [main] [view.RestaurantView.run(RestaurantView.java:638)] - [GO TO CREATE BILL]
2022-02-18 12:27:14 DEBUG [main] [filehandler.JsonHandler.getListFromFile(JsonHandler.java:33)] - [GET Bill SUCCESSFULLY]
2022-02-18 12:27:14 DEBUG [main] [controller.BillController.createBill(BillController.java:81)] - [CREATE EMPTY BILL ID=13]
2022-02-18 12:27:14 DEBUG [main] [view.RestaurantView.selectBillItem(RestaurantView.java:42)] - [SELECT ITEM]
2022-02-18 12:27:16 DEBUG [main] [view.RestaurantView.selectBillItem(RestaurantView.java:42)] - [SELECT ITEM]
2022-02-18 12:27:21 DEBUG [main] [view.RestaurantView.selectBillItem(RestaurantView.java:54)] - [INPUT ID TO SELECT]
2022-02-18 12:27:23 DEBUG [main] [filehandler.JsonHandler.getListFromFile(JsonHandler.java:33)] - [GET Bill SUCCESSFULLY]
2022-02-18 12:27:23 DEBUG [main] [filehandler.JsonHandler.getListFromFile(JsonHandler.java:33)] - [GET Bill SUCCESSFULLY]
2022-02-18 12:27:23 DEBUG [main] [controller.BillController.addBillItem(BillController.java:35)] - [ADD ITEM ID=7QUANTITY=2 TO BILL]
2022-02-18 12:27:23 DEBUG [main] [view.RestaurantView.selectBillItem(RestaurantView.java:42)] - [SELECT ITEM]
2022-02-18 12:27:24 DEBUG [main] [view.RestaurantView.selectBillItem(RestaurantView.java:54)] - [INPUT ID TO SELECT]
2022-02-18 12:27:25 DEBUG [main] [filehandler.JsonHandler.getListFromFile(JsonHandler.java:33)] - [GET Bill SUCCESSFULLY]
2022-02-18 12:27:25 DEBUG [main] [filehandler.JsonHandler.getListFromFile(JsonHandler.java:33)] - [GET Bill SUCCESSFULLY]
2022-02-18 12:27:25 DEBUG [main] [controller.BillController.addBillItem(BillController.java:35)] - [ADD ITEM ID=1QUANTITY=2 TO BILL]
2022-02-18 12:27:25 DEBUG [main] [view.RestaurantView.selectBillItem(RestaurantView.java:42)] - [SELECT ITEM]
2022-02-18 12:27:27 DEBUG [main] [view.RestaurantView.selectBillItem(RestaurantView.java:63)] - [SELECTION DONE]
2022-02-18 12:27:27 DEBUG [main] [filehandler.JsonHandler.getListFromFile(JsonHandler.java:33)] - [GET Bill SUCCESSFULLY]
2022-02-18 12:27:27 DEBUG [main] [filehandler.JsonHandler.getListFromFile(JsonHandler.java:33)] - [GET Bill SUCCESSFULLY]
2022-02-18 12:27:27 DEBUG [main] [filehandler.JsonHandler.getListFromFile(JsonHandler.java:33)] - [GET Bill SUCCESSFULLY]
2022-02-18 12:27:27 DEBUG [main] [service.BillServiceImp.saveBill(BillServiceImp.java:35)] - {[]}
2022-02-18 12:27:27 DEBUG [main] [filehandler.JsonHandler.saveListToFile(JsonHandler.java:56)] - [SAVE Bill SUCCESSFULLY]
2022-02-18 12:27:27 DEBUG [main] [controller.BillController.saveBill(BillController.java:54)] - [SAVE BILL ID=13]
2022-02-18 12:27:27 DEBUG [main] [view.RestaurantView.selectBillItem(RestaurantView.java:78)] - [CREATE BILL SUCCESSFULLY]
2022-02-18 12:27:27 DEBUG [main] [view.RestaurantView.showLatestBill(RestaurantView.java:553)] - [SHOW LATEST BILL]
2022-02-18 12:27:27 DEBUG [main] [filehandler.JsonHandler.getListFromFile(JsonHandler.java:33)] - [GET Bill SUCCESSFULLY]
2022-02-18 12:27:27 DEBUG [main] [filehandler.JsonHandler.getListFromFile(JsonHandler.java:33)] - [GET Bill SUCCESSFULLY]
2022-02-18 12:27:27 DEBUG [main] [view.RestaurantView.showBillDetailById(RestaurantView.java:539)] - [SHOW BILL ID=12]
2022-02-18 12:27:27 DEBUG [main] [view.RestaurantView.selectBillItem(RestaurantView.java:80)] - SHOW THE LATEST BILL
2022-02-18 12:27:27 DEBUG [main] [view.RestaurantView.run(RestaurantView.java:654)] - [GO TO MAIN OPTIONS]
2022-02-18 12:27:27 ERROR [main] [view.RestaurantView.run(RestaurantView.java:615)] - [SHOW MAIN OPTIONS]
2022-02-18 12:27:29 DEBUG [main] [view.RestaurantView.run(RestaurantView.java:633)] - [GO TO BILL MANAGER]
2022-02-18 12:27:29 DEBUG [main] [view.RestaurantView.showBillList(RestaurantView.java:520)] - [SHOW BILL LIST]
2022-02-18 12:27:29 DEBUG [main] [filehandler.JsonHandler.getListFromFile(JsonHandler.java:33)] - [GET Bill SUCCESSFULLY]
2022-02-18 12:27:29 DEBUG [main] [view.RestaurantView.billManager(RestaurantView.java:472)] - [SHOW OPTIONS BILL]
2022-02-18 12:27:29 DEBUG [main] [filehandler.JsonHandler.getListFromFile(JsonHandler.java:33)] - [GET Bill SUCCESSFULLY]
2022-02-18 12:27:59 DEBUG [main] [filehandler.JsonHandler.getListFromFile(JsonHandler.java:33)] - [GET Food SUCCESSFULLY]
2022-02-18 12:27:59 DEBUG [main] [filehandler.JsonHandler.getListFromFile(JsonHandler.java:33)] - [GET Drink SUCCESSFULLY]
2022-02-18 12:27:59 DEBUG [main] [view.RestaurantView.run(RestaurantView.java:606)] - [START......................................]
2022-02-18 12:27:59 ERROR [main] [view.RestaurantView.run(RestaurantView.java:615)] - [SHOW MAIN OPTIONS]
2022-02-18 12:28:02 DEBUG [main] [view.RestaurantView.run(RestaurantView.java:638)] - [GO TO CREATE BILL]
2022-02-18 12:28:02 DEBUG [main] [filehandler.JsonHandler.getListFromFile(JsonHandler.java:33)] - [GET Bill SUCCESSFULLY]
2022-02-18 12:28:02 DEBUG [main] [controller.BillController.createBill(BillController.java:81)] - [CREATE EMPTY BILL ID=13]
2022-02-18 12:28:03 DEBUG [main] [view.RestaurantView.selectBillItem(RestaurantView.java:42)] - [SELECT ITEM]
2022-02-18 12:28:04 DEBUG [main] [view.RestaurantView.selectBillItem(RestaurantView.java:54)] - [INPUT ID TO SELECT]
2022-02-18 12:28:06 DEBUG [main] [filehandler.JsonHandler.getListFromFile(JsonHandler.java:33)] - [GET Bill SUCCESSFULLY]
2022-02-18 12:28:06 DEBUG [main] [filehandler.JsonHandler.getListFromFile(JsonHandler.java:33)] - [GET Bill SUCCESSFULLY]
2022-02-18 12:28:06 DEBUG [main] [controller.BillController.addBillItem(BillController.java:35)] - [ADD ITEM ID=7QUANTITY=2 TO BILL]
2022-02-18 12:28:06 DEBUG [main] [view.RestaurantView.selectBillItem(RestaurantView.java:42)] - [SELECT ITEM]
2022-02-18 12:28:07 DEBUG [main] [view.RestaurantView.selectBillItem(RestaurantView.java:54)] - [INPUT ID TO SELECT]
2022-02-18 12:28:08 DEBUG [main] [filehandler.JsonHandler.getListFromFile(JsonHandler.java:33)] - [GET Bill SUCCESSFULLY]
2022-02-18 12:28:08 DEBUG [main] [filehandler.JsonHandler.getListFromFile(JsonHandler.java:33)] - [GET Bill SUCCESSFULLY]
2022-02-18 12:28:08 DEBUG [main] [controller.BillController.addBillItem(BillController.java:35)] - [ADD ITEM ID=1QUANTITY=2 TO BILL]
2022-02-18 12:28:08 DEBUG [main] [view.RestaurantView.selectBillItem(RestaurantView.java:42)] - [SELECT ITEM]
2022-02-18 12:28:10 DEBUG [main] [view.RestaurantView.selectBillItem(RestaurantView.java:63)] - [SELECTION DONE]
2022-02-18 12:28:10 DEBUG [main] [filehandler.JsonHandler.getListFromFile(JsonHandler.java:33)] - [GET Bill SUCCESSFULLY]
2022-02-18 12:28:10 DEBUG [main] [filehandler.JsonHandler.getListFromFile(JsonHandler.java:33)] - [GET Bill SUCCESSFULLY]
2022-02-18 12:28:10 DEBUG [main] [service.BillServiceImp.saveBill(BillServiceImp.java:35)] - {[]}
2022-02-18 12:28:10 DEBUG [main] [filehandler.JsonHandler.saveListToFile(JsonHandler.java:56)] - [SAVE Bill SUCCESSFULLY]
2022-02-18 12:28:10 DEBUG [main] [controller.BillController.saveBill(BillController.java:54)] - [SAVE BILL ID=13]
2022-02-18 12:28:10 DEBUG [main] [view.RestaurantView.selectBillItem(RestaurantView.java:78)] - [CREATE BILL SUCCESSFULLY]
2022-02-18 12:28:10 DEBUG [main] [view.RestaurantView.showLatestBill(RestaurantView.java:553)] - [SHOW LATEST BILL]
2022-02-18 12:28:10 DEBUG [main] [filehandler.JsonHandler.getListFromFile(JsonHandler.java:33)] - [GET Bill SUCCESSFULLY]
2022-02-18 12:28:10 DEBUG [main] [filehandler.JsonHandler.getListFromFile(JsonHandler.java:33)] - [GET Bill SUCCESSFULLY]
2022-02-18 12:28:10 DEBUG [main] [view.RestaurantView.showBillDetailById(RestaurantView.java:539)] - [SHOW BILL ID=13]
2022-02-18 12:28:10 DEBUG [main] [view.RestaurantView.selectBillItem(RestaurantView.java:80)] - SHOW THE LATEST BILL
2022-02-18 12:28:10 DEBUG [main] [view.RestaurantView.run(RestaurantView.java:654)] - [GO TO MAIN OPTIONS]
2022-02-18 12:28:10 ERROR [main] [view.RestaurantView.run(RestaurantView.java:615)] - [SHOW MAIN OPTIONS]
2022-02-18 12:28:17 DEBUG [main] [view.RestaurantView.run(RestaurantView.java:654)] - [GO TO MAIN OPTIONS]
2022-02-18 12:28:17 DEBUG [main] [view.RestaurantView.run(RestaurantView.java:657)] - [END......................................]
2022-02-18 12:41:24 DEBUG [main] [filehandler.JsonHandler.getListFromFile(JsonHandler.java:33)] - [GET Food SUCCESSFULLY]
2022-02-18 12:41:24 DEBUG [main] [filehandler.JsonHandler.getListFromFile(JsonHandler.java:33)] - [GET Drink SUCCESSFULLY]
2022-02-18 12:41:24 DEBUG [main] [view.RestaurantView.run(RestaurantView.java:622)] - [START......................................]
2022-02-18 12:41:24 ERROR [main] [view.RestaurantView.run(RestaurantView.java:632)] - [SHOW MAIN OPTIONS]
2022-02-18 12:41:30 DEBUG [main] [filehandler.JsonHandler.getListFromFile(JsonHandler.java:33)] - [GET Bill SUCCESSFULLY]
2022-02-18 12:41:30 DEBUG [main] [controller.BillController.createBill(BillController.java:81)] - [CREATE EMPTY BILL ID=14]
2022-02-18 12:41:30 DEBUG [main] [view.RestaurantView.run(RestaurantView.java:656)] - [GO TO CREATE BILL]
2022-02-18 12:41:30 DEBUG [main] [view.RestaurantView.selectBillItem(RestaurantView.java:41)] - [SELECT ITEM]
2022-02-18 12:41:31 DEBUG [main] [view.RestaurantView.selectBillItem(RestaurantView.java:53)] - [INPUT ID TO SELECT]
2022-02-18 12:41:34 DEBUG [main] [filehandler.JsonHandler.getListFromFile(JsonHandler.java:33)] - [GET Bill SUCCESSFULLY]
2022-02-18 12:41:34 DEBUG [main] [filehandler.JsonHandler.getListFromFile(JsonHandler.java:33)] - [GET Bill SUCCESSFULLY]
2022-02-18 12:41:34 DEBUG [main] [controller.BillController.addBillItem(BillController.java:35)] - [ADD ITEM ID=5QUANTITY=4 TO BILL]
2022-02-18 12:41:34 DEBUG [main] [view.RestaurantView.selectBillItem(RestaurantView.java:41)] - [SELECT ITEM]
2022-02-18 12:41:35 DEBUG [main] [view.RestaurantView.selectBillItem(RestaurantView.java:53)] - [INPUT ID TO SELECT]
2022-02-18 12:41:37 DEBUG [main] [filehandler.JsonHandler.getListFromFile(JsonHandler.java:33)] - [GET Bill SUCCESSFULLY]
2022-02-18 12:41:37 DEBUG [main] [filehandler.JsonHandler.getListFromFile(JsonHandler.java:33)] - [GET Bill SUCCESSFULLY]
2022-02-18 12:41:37 DEBUG [main] [controller.BillController.addBillItem(BillController.java:35)] - [ADD ITEM ID=5QUANTITY=4 TO BILL]
2022-02-18 12:41:37 DEBUG [main] [view.RestaurantView.selectBillItem(RestaurantView.java:41)] - [SELECT ITEM]
2022-02-18 12:41:39 DEBUG [main] [view.RestaurantView.selectBillItem(RestaurantView.java:62)] - [SELECTION DONE]
2022-02-18 12:41:39 DEBUG [main] [filehandler.JsonHandler.getListFromFile(JsonHandler.java:33)] - [GET Bill SUCCESSFULLY]
2022-02-18 12:41:39 DEBUG [main] [filehandler.JsonHandler.getListFromFile(JsonHandler.java:33)] - [GET Bill SUCCESSFULLY]
2022-02-18 12:41:39 DEBUG [main] [service.BillServiceImp.saveBill(BillServiceImp.java:35)] - {[]}
2022-02-18 12:41:39 DEBUG [main] [filehandler.JsonHandler.saveListToFile(JsonHandler.java:56)] - [SAVE Bill SUCCESSFULLY]
2022-02-18 12:41:39 DEBUG [main] [controller.BillController.saveBill(BillController.java:54)] - [SAVE BILL ID=14]
2022-02-18 12:41:39 DEBUG [main] [view.RestaurantView.selectBillItem(RestaurantView.java:77)] - [CREATE BILL SUCCESSFULLY]
2022-02-18 12:41:39 DEBUG [main] [view.RestaurantView.showLatestBill(RestaurantView.java:552)] - [SHOW LATEST BILL]
2022-02-18 12:41:39 DEBUG [main] [filehandler.JsonHandler.getListFromFile(JsonHandler.java:33)] - [GET Bill SUCCESSFULLY]
2022-02-18 12:41:39 DEBUG [main] [filehandler.JsonHandler.getListFromFile(JsonHandler.java:33)] - [GET Bill SUCCESSFULLY]
2022-02-18 12:41:39 DEBUG [main] [view.RestaurantView.showBillDetailById(RestaurantView.java:538)] - [SHOW BILL ID=14]
2022-02-18 12:41:39 DEBUG [main] [view.RestaurantView.selectBillItem(RestaurantView.java:79)] - SHOW THE LATEST BILL
2022-02-18 12:41:39 DEBUG [main] [view.RestaurantView.run(RestaurantView.java:675)] - [GO TO MAIN OPTIONS]
2022-02-18 12:41:39 ERROR [main] [view.RestaurantView.run(RestaurantView.java:632)] - [SHOW MAIN OPTIONS]
2022-02-18 12:41:47 DEBUG [main] [view.RestaurantView.run(RestaurantView.java:650)] - [GO TO BILL MANAGER]
2022-02-18 12:41:47 DEBUG [main] [view.RestaurantView.showBillList(RestaurantView.java:519)] - [SHOW BILL LIST]
2022-02-18 12:41:47 DEBUG [main] [filehandler.JsonHandler.getListFromFile(JsonHandler.java:33)] - [GET Bill SUCCESSFULLY]
2022-02-18 12:41:47 DEBUG [main] [view.RestaurantView.billManager(RestaurantView.java:471)] - [SHOW OPTIONS BILL]
2022-02-18 12:41:47 DEBUG [main] [filehandler.JsonHandler.getListFromFile(JsonHandler.java:33)] - [GET Bill SUCCESSFULLY]
2022-02-18 12:41:52 DEBUG [main] [view.RestaurantView.run(RestaurantView.java:652)] - [EXIT MENU MANAGER]
2022-02-18 12:41:52 DEBUG [main] [view.RestaurantView.run(RestaurantView.java:675)] - [GO TO MAIN OPTIONS]
2022-02-18 12:41:52 ERROR [main] [view.RestaurantView.run(RestaurantView.java:632)] - [SHOW MAIN OPTIONS]
2022-02-18 12:41:55 DEBUG [main] [view.RestaurantView.run(RestaurantView.java:675)] - [GO TO MAIN OPTIONS]
2022-02-18 12:41:55 ERROR [main] [view.RestaurantView.run(RestaurantView.java:632)] - [SHOW MAIN OPTIONS]
2022-02-18 12:42:10 DEBUG [main] [filehandler.JsonHandler.getListFromFile(JsonHandler.java:33)] - [GET Food SUCCESSFULLY]
2022-02-18 12:42:10 DEBUG [main] [filehandler.JsonHandler.getListFromFile(JsonHandler.java:33)] - [GET Drink SUCCESSFULLY]
2022-02-18 12:42:10 DEBUG [main] [view.RestaurantView.run(RestaurantView.java:622)] - [START......................................]
2022-02-18 12:42:10 ERROR [main] [view.RestaurantView.run(RestaurantView.java:632)] - [SHOW MAIN OPTIONS]
2022-02-18 12:42:17 DEBUG [main] [filehandler.JsonHandler.getListFromFile(JsonHandler.java:33)] - [GET Bill SUCCESSFULLY]
2022-02-18 12:42:17 DEBUG [main] [filehandler.JsonHandler.getListFromFile(JsonHandler.java:33)] - [GET Bill SUCCESSFULLY]
2022-02-18 12:42:17 DEBUG [main] [filehandler.JsonHandler.getListFromFile(JsonHandler.java:33)] - [GET Bill SUCCESSFULLY]
2022-02-18 12:42:17 DEBUG [main] [view.RestaurantView.selectBillItem(RestaurantView.java:41)] - [SELECT ITEM]
2022-02-18 12:42:18 DEBUG [main] [view.RestaurantView.selectBillItem(RestaurantView.java:53)] - [INPUT ID TO SELECT]
2022-02-18 12:42:23 DEBUG [main] [filehandler.JsonHandler.getListFromFile(JsonHandler.java:33)] - [GET Bill SUCCESSFULLY]
2022-02-18 12:42:23 DEBUG [main] [filehandler.JsonHandler.getListFromFile(JsonHandler.java:33)] - [GET Bill SUCCESSFULLY]
2022-02-18 12:42:23 DEBUG [main] [controller.BillController.addBillItem(BillController.java:35)] - [ADD ITEM ID=1QUANTITY=5 TO BILL]
2022-02-18 12:42:23 DEBUG [main] [view.RestaurantView.selectBillItem(RestaurantView.java:41)] - [SELECT ITEM]
2022-02-18 12:42:25 DEBUG [main] [view.RestaurantView.selectBillItem(RestaurantView.java:53)] - [INPUT ID TO SELECT]
2022-02-18 12:42:27 DEBUG [main] [filehandler.JsonHandler.getListFromFile(JsonHandler.java:33)] - [GET Bill SUCCESSFULLY]
2022-02-18 12:42:27 DEBUG [main] [filehandler.JsonHandler.getListFromFile(JsonHandler.java:33)] - [GET Bill SUCCESSFULLY]
2022-02-18 12:42:27 DEBUG [main] [controller.BillController.addBillItem(BillController.java:35)] - [ADD ITEM ID=1QUANTITY=5 TO BILL]
2022-02-18 12:42:27 DEBUG [main] [view.RestaurantView.selectBillItem(RestaurantView.java:41)] - [SELECT ITEM]
2022-02-18 12:42:28 DEBUG [main] [view.RestaurantView.selectBillItem(RestaurantView.java:62)] - [SELECTION DONE]
2022-02-18 12:42:28 DEBUG [main] [filehandler.JsonHandler.getListFromFile(JsonHandler.java:33)] - [GET Bill SUCCESSFULLY]
2022-02-18 12:42:28 DEBUG [main] [filehandler.JsonHandler.getListFromFile(JsonHandler.java:33)] - [GET Bill SUCCESSFULLY]
2022-02-18 12:42:28 DEBUG [main] [service.BillServiceImp.saveBill(BillServiceImp.java:35)] - {[]}
2022-02-18 12:42:29 DEBUG [main] [filehandler.JsonHandler.saveListToFile(JsonHandler.java:56)] - [SAVE Bill SUCCESSFULLY]
2022-02-18 12:42:29 DEBUG [main] [controller.BillController.saveBill(BillController.java:54)] - [SAVE BILL ID=15]
2022-02-18 12:42:29 DEBUG [main] [view.RestaurantView.selectBillItem(RestaurantView.java:77)] - [CREATE BILL SUCCESSFULLY]
2022-02-18 12:42:29 DEBUG [main] [view.RestaurantView.showLatestBill(RestaurantView.java:552)] - [SHOW LATEST BILL]
2022-02-18 12:42:29 DEBUG [main] [filehandler.JsonHandler.getListFromFile(JsonHandler.java:33)] - [GET Bill SUCCESSFULLY]
2022-02-18 12:42:29 DEBUG [main] [filehandler.JsonHandler.getListFromFile(JsonHandler.java:33)] - [GET Bill SUCCESSFULLY]
2022-02-18 12:42:29 DEBUG [main] [view.RestaurantView.showBillDetailById(RestaurantView.java:538)] - [SHOW BILL ID=15]
2022-02-18 12:42:29 DEBUG [main] [view.RestaurantView.selectBillItem(RestaurantView.java:79)] - SHOW THE LATEST BILL
2022-02-18 12:42:29 DEBUG [main] [view.RestaurantView.run(RestaurantView.java:675)] - [GO TO MAIN OPTIONS]
2022-02-18 12:42:29 ERROR [main] [view.RestaurantView.run(RestaurantView.java:632)] - [SHOW MAIN OPTIONS]
2022-02-18 12:42:41 DEBUG [main] [filehandler.JsonHandler.getListFromFile(JsonHandler.java:33)] - [GET Bill SUCCESSFULLY]
2022-02-18 12:42:41 DEBUG [main] [filehandler.JsonHandler.getListFromFile(JsonHandler.java:33)] - [GET Bill SUCCESSFULLY]
2022-02-18 12:42:41 DEBUG [main] [view.RestaurantView.run(RestaurantView.java:675)] - [GO TO MAIN OPTIONS]
2022-02-18 12:42:41 ERROR [main] [view.RestaurantView.run(RestaurantView.java:632)] - [SHOW MAIN OPTIONS]
2022-02-18 13:45:48 DEBUG [main] [filehandler.JsonHandler.getListFromFile(JsonHandler.java:33)] - [GET Food SUCCESSFULLY]
2022-02-18 13:45:48 DEBUG [main] [filehandler.JsonHandler.getListFromFile(JsonHandler.java:33)] - [GET Drink SUCCESSFULLY]
2022-02-18 13:45:48 DEBUG [main] [view.RestaurantView.run(RestaurantView.java:622)] - [START......................................]
2022-02-18 13:45:48 ERROR [main] [view.RestaurantView.run(RestaurantView.java:632)] - [SHOW MAIN OPTIONS]
2022-02-18 14:03:07 DEBUG [main] [view.RestaurantView.run(RestaurantView.java:675)] - [GO TO MAIN OPTIONS]
2022-02-18 14:03:07 DEBUG [main] [view.RestaurantView.run(RestaurantView.java:678)] - [END......................................]
